<?xml version="1.0" encoding="UTF-8"?>
<testng-results ignored="0" total="2" passed="2" failed="0" skipped="0">
  <reporter-output>
  </reporter-output>
  <suite started-at="2021-11-28T16:36:51Z" name="Surefire suite" finished-at="2021-11-28T16:36:53Z" duration-ms="2365">
    <groups>
    </groups>
    <test started-at="2021-11-28T16:36:51Z" name="Surefire test" finished-at="2021-11-28T16:36:53Z" duration-ms="2365">
      <class name="technical.test.ApiTest">
        <test-method signature="postCreateUser()" started-at="2021-11-28T16:36:51Z" name="postCreateUser" finished-at="2021-11-28T16:36:53Z" duration-ms="2170" status="PASS">
          <reporter-output>
          </reporter-output>
        </test-method> <!-- postCreateUser -->
        <test-method signature="getUserList()" started-at="2021-11-28T16:36:51Z" name="getUserList" finished-at="2021-11-28T16:36:53Z" duration-ms="2335" status="PASS">
          <reporter-output>
          </reporter-output>
        </test-method> <!-- getUserList -->
      </class> <!-- technical.test.ApiTest -->
    </test> <!-- Surefire test -->
  </suite> <!-- Surefire suite -->
</testng-results>
