<?xml version="1.0" encoding="UTF-8"?>
<!-- Generated by org.testng.reporters.JUnitXMLReporter -->
<testsuite ignored="0" hostname="ip-192-168-16-239.ap-southeast-1.compute.internal" failures="0" tests="2" name="Surefire test" time="3.664" errors="0" timestamp="21 Nov 2021 12:49:15 GMT">
  <testcase classname="technical.test.ApiTest" name="postCreateUser on postCreateUser(technical.test.ApiTest)" time="3.19"/>
  <testcase classname="technical.test.ApiTest" name="getUserList on getUserList(technical.test.ApiTest)" time="3.596"/>
</testsuite> <!-- Surefire test -->
