<?xml version="1.0" encoding="UTF-8"?>
<testsuite xmlns:xsi="http://www.w3.org/2001/XMLSchema-instance" xsi:noNamespaceSchemaLocation="https://maven.apache.org/surefire/maven-surefire-plugin/xsd/surefire-test-report.xsd" name="technical.test.ApiTest" time="3.859" tests="2" errors="0" skipped="0" failures="0">
  <properties>
[...]
</properties>
  <testcase name="postCreateUser on postCreateUser(technical.test.ApiTest)" classname="technical.test.ApiTest" time="3.17"/>
  <testcase name="getUserList on getUserList(technical.test.ApiTest)" classname="technical.test.ApiTest" time="0.422"/>
</testsuite>