<?xml version="1.0" encoding="UTF-8"?>
<testsuite xmlns:xsi="http://www.w3.org/2001/XMLSchema-instance" xsi:noNamespaceSchemaLocation="https://maven.apache.org/surefire/maven-surefire-plugin/xsd/surefire-test-report.xsd" name="TestSuite" time="16.794" tests="3" errors="0" skipped="0" failures="1">
  <properties>
[...]
</properties>
  <testcase name="register" classname="technical.test.WebTest" time="11.253">
    <failure message="no such element: Unable to locate element: {&quot;method&quot;:&quot;xpath&quot;,&quot;selector&quot;:&quot;//*[text()=&apos;Pastikan kepemilikan akun ini&apos;]&quot;}&#10;  (Session info: chrome=96.0.4664.55)&#10;For documentation on this error, please visit: https://selenium.dev/exceptions/#no_such_element&#10;Build info: version: &apos;4.0.0-beta-3&apos;, revision: &apos;5d108f9a67&apos;&#10;System info: host: &apos;Marcos-MacBook-Pro.local&apos;, ip: &apos;2404:8000:1002:4d57:95a8:f1b7:4500:7ea6%en0&apos;, os.name: &apos;Mac OS X&apos;, os.arch: &apos;x86_64&apos;, os.version: &apos;10.16&apos;, java.version: &apos;11.0.12&apos;&#10;Driver info: org.openqa.selenium.chrome.ChromeDriver&#10;Command: [3a8c0e52a550914d57bfe6adba784180, findElement {using=xpath, value=//*[text()=&apos;Pastikan kepemilikan akun ini&apos;]}]&#10;Capabilities {acceptInsecureCerts: false, browserName: chrome, browserVersion: 96.0.4664.55, chrome: {chromedriverVersion: 96.0.4664.45 (76e4c1bb2ab46..., userDataDir: /var/folders/yb/g81_g23578g...}, goog:chromeOptions: {debuggerAddress: localhost:61372}, javascriptEnabled: true, networkConnectionEnabled: false, pageLoadStrategy: normal, platform: MAC, platformName: MAC, proxy: Proxy(), se:cdp: ws://localhost:61372/devtoo..., se:cdpVersion: 96.0.4664.55, setWindowRect: true, strictFileInteractability: false, timeouts: {implicit: 0, pageLoad: 300000, script: 30000}, unhandledPromptBehavior: dismiss and notify, webauthn:extension:credBlob: true, webauthn:extension:largeBlob: true, webauthn:virtualAuthenticators: true}&#10;Session ID: 3a8c0e52a550914d57bfe6adba784180" type="org.openqa.selenium.NoSuchElementException">org.openqa.selenium.NoSuchElementException: 
no such element: Unable to locate element: {"method":"xpath","selector":"//*[text()='Pastikan kepemilikan akun ini']"}
  (Session info: chrome=96.0.4664.55)
For documentation on this error, please visit: https://selenium.dev/exceptions/#no_such_element
Build info: version: '4.0.0-beta-3', revision: '5d108f9a67'
System info: host: 'Marcos-MacBook-Pro.local', ip: '2404:8000:1002:4d57:95a8:f1b7:4500:7ea6%en0', os.name: 'Mac OS X', os.arch: 'x86_64', os.version: '10.16', java.version: '11.0.12'
Driver info: org.openqa.selenium.chrome.ChromeDriver
Command: [3a8c0e52a550914d57bfe6adba784180, findElement {using=xpath, value=//*[text()='Pastikan kepemilikan akun ini']}]
Capabilities {acceptInsecureCerts: false, browserName: chrome, browserVersion: 96.0.4664.55, chrome: {chromedriverVersion: 96.0.4664.45 (76e4c1bb2ab46..., userDataDir: /var/folders/yb/g81_g23578g...}, goog:chromeOptions: {debuggerAddress: localhost:61372}, javascriptEnabled: true, networkConnectionEnabled: false, pageLoadStrategy: normal, platform: MAC, platformName: MAC, proxy: Proxy(), se:cdp: ws://localhost:61372/devtoo..., se:cdpVersion: 96.0.4664.55, setWindowRect: true, strictFileInteractability: false, timeouts: {implicit: 0, pageLoad: 300000, script: 30000}, unhandledPromptBehavior: dismiss and notify, webauthn:extension:credBlob: true, webauthn:extension:largeBlob: true, webauthn:virtualAuthenticators: true}
Session ID: 3a8c0e52a550914d57bfe6adba784180
	at technical.test.WebTest.register(WebTest.java:66)
</failure>
    <system-out><![CDATA[Kitabisa
Total Messages:- 9
------------------------------
OTP yang didapat 372046
]]></system-out>
    <system-err><![CDATA[SLF4J: Failed to load class "org.slf4j.impl.StaticLoggerBinder".
SLF4J: Defaulting to no-operation (NOP) logger implementation
SLF4J: See http://www.slf4j.org/codes.html#StaticLoggerBinder for further details.
Starting ChromeDriver 96.0.4664.45 (76e4c1bb2ab4671b8beba3444e61c0f17584b2fc-refs/branch-heads/4664@{#947}) on port 24507
Only local connections are allowed.
Please see https://chromedriver.chromium.org/security-considerations for suggestions on keeping ChromeDriver safe.
ChromeDriver was started successfully.
Nov 28, 2021 11:36:39 PM org.openqa.selenium.remote.ProtocolHandshake createSession
INFO: Detected dialect: W3C
Nov 28, 2021 11:36:39 PM org.openqa.selenium.devtools.CdpVersionFinder findNearestMatch
WARNING: Unable to find an exact match for CDP version 96, so returning the closest version found: a no-op implementation
Nov 28, 2021 11:36:39 PM org.openqa.selenium.devtools.CdpVersionFinder findNearestMatch
INFO: Unable to find CDP implementation matching 96.
Nov 28, 2021 11:36:39 PM org.openqa.selenium.chromium.ChromiumDriver lambda$new$2
WARNING: Unable to find version of CDP to use for . You may need to include a dependency on a specific version of the CDP using something similar to `org.seleniumhq.selenium:selenium-devtools-v86:4.0.0-beta-3` where the version ("v86") matches the version of the chromium-based browser you're using and the version number of the artifact is the same as Selenium's.
]]></system-err>
  </testcase>
  <testcase name="postCreateUser on postCreateUser(technical.test.ApiTest)" classname="technical.test.ApiTest" time="2.166"/>
  <testcase name="getUserList on getUserList(technical.test.ApiTest)" classname="technical.test.ApiTest" time="0.165"/>
</testsuite>