<?xml version="1.0" encoding="UTF-8"?>
<!-- Generated by org.testng.reporters.JUnitXMLReporter -->
<testsuite ignored="0" hostname="Marcos-MacBook-Pro.local" failures="0" tests="2" name="Surefire test" time="2.365" errors="0" timestamp="28 Nov 2021 16:36:53 GMT">
  <testcase classname="technical.test.ApiTest" name="postCreateUser on postCreateUser(technical.test.ApiTest)" time="2.17"/>
  <testcase classname="technical.test.ApiTest" name="getUserList on getUserList(technical.test.ApiTest)" time="2.335"/>
</testsuite> <!-- Surefire test -->
